<?xml version="1.0" encoding="UTF-8"?>
<!-- Generated by org.testng.reporters.JUnitReportReporter -->
<testsuite skipped="0" hostname="IMSS-JKR-CPU-31" name="com.w2a.testcases.AddCustomerTest" tests="1" failures="0" timestamp="04 Oct 2019 11:28:59 GMT" time="0.602" errors="0">
  <testcase name="addCustomer" time="0.602" classname="com.w2a.testcases.AddCustomerTest"/>
</testsuite> <!-- com.w2a.testcases.AddCustomerTest -->
