<?xml version="1.0" encoding="UTF-8"?>
<!-- Generated by org.testng.reporters.JUnitReportReporter -->
<testsuite skipped="0" hostname="IMSS-JKR-CPU-31" name="com.w2a.testcases.LoginTest" tests="1" failures="0" timestamp="04 Oct 2019 04:59:13 GMT" time="0.653" errors="0">
  <testcase name="loginAsBankManager" time="0.653" classname="com.w2a.testcases.LoginTest"/>
</testsuite> <!-- com.w2a.testcases.LoginTest -->
