<?xml version="1.0" encoding="UTF-8"?>
<!-- Generated by org.testng.reporters.JUnitReportReporter -->
<testsuite skipped="0" hostname="IMSS-JKR-LAP-25" name="com.w2a.testcases.BankManagerLoginTest" tests="1" failures="0" timestamp="29 Nov 2019 04:51:05 GMT" time="0.180" errors="0">
  <testcase name="loginAsBankManager" time="0.180" classname="com.w2a.testcases.BankManagerLoginTest"/>
</testsuite> <!-- com.w2a.testcases.BankManagerLoginTest -->
